<?xml version="1.0" encoding="UTF-8"?>
<!-- Generated by org.testng.reporters.JUnitReportReporter -->
<testsuite hostname="LAPTOP-ABS223QL" failures="0" tests="3" name="practisejen.UsingDataProviderTest" time="0.019" errors="0" timestamp="2022-06-16T16:37:01 IST" skipped="0">
  <testcase classname="practisejen.UsingDataProviderTest" name="bookticket" time="0.001"/>
  <testcase classname="practisejen.UsingDataProviderTest" name="bookticket" time="0.001"/>
  <testcase classname="practisejen.UsingDataProviderTest" name="bookticket" time="0.017"/>
</testsuite> <!-- practisejen.UsingDataProviderTest -->
