<?xml version="1.0" encoding="UTF-8"?>
<!-- Generated by org.testng.reporters.JUnitReportReporter -->
<testsuite hostname="LAPTOP-ABS223QL" failures="0" tests="3" name="practisejen.UsingDataProvider" time="0.011" errors="0" timestamp="2022-06-16T16:31:14 IST" skipped="0">
  <testcase classname="practisejen.UsingDataProvider" name="bookticket" time="0.001"/>
  <testcase classname="practisejen.UsingDataProvider" name="bookticket" time="0.001"/>
  <testcase classname="practisejen.UsingDataProvider" name="bookticket" time="0.009"/>
</testsuite> <!-- practisejen.UsingDataProvider -->
